Proyecto Autocaravaneando clonado...
Dentro de Autocaravaneando...
Proyecto Autocaravaneando clonado...
Dentro de Autocaravaneando...
dependencias instaladas...
Iniciando la aplicación en 3000..
Construyendo la aplicación React para producción...
Build movido a /var/www/html... Sirviendo nginx
Todo completado exitosamente.
Proyecto Autocaravaneando clonado...
Dentro de Autocaravaneando...
dependencias instaladas...
Iniciando la aplicación en 3000..
Construyendo la aplicación React para producción...
Build movido a /var/www/html... Sirviendo nginx
Todo completado exitosamente.
Proyecto Autocaravaneando clonado...
Dentro de Autocaravaneando...
dependencias instaladas...
Iniciando la aplicación en 3000..
Construyendo la aplicación React para producción...
Build movido a /var/www/html... Sirviendo nginx
Todo completado exitosamente.
Proyecto Autocaravaneando clonado...
Dentro de Autocaravaneando...
dependencias instaladas...
Iniciando la aplicación en 3000..
Construyendo la aplicación React para producción...
Build movido a /var/www/html... Sirviendo nginx
Todo completado exitosamente.
